<?xml version="1.0" encoding="UTF-8"?>
<!-- Generated by org.testng.reporters.JUnitXMLReporter -->
<testsuite ignored="0" hostname="Viraj" failures="1" tests="1" name="Test456" time="6.542" errors="0" timestamp="2023-10-08T08:21:59 IST">
  <testcase classname="testNG_Test.VarifyBookYourFreeSessionField" name="test1" time="0.754">
    <failure type="java.lang.NullPointerException" message="Cannot invoke &amp;quot;org.apache.poi.ss.usermodel.Sheet.getRow(int)&amp;quot; because &amp;quot;excelSheet&amp;quot; is null">
      <![CDATA[java.lang.NullPointerException: Cannot invoke "org.apache.poi.ss.usermodel.Sheet.getRow(int)" because "excelSheet" is null
at utils.Utility.getDataFromExcelsheet(Utility.java:24)
at pages.ByjusOnlineLearningProgramPage.sendChildName(ByjusOnlineLearningProgramPage.java:70)
at testNG_Test.VarifyBookYourFreeSessionField.test1(VarifyBookYourFreeSessionField.java:68)
at java.base/java.util.ArrayList.forEach(ArrayList.java:1511)
... Removed 27 stack frames]]>
    </failure>
  </testcase> <!-- test1 -->
</testsuite> <!-- Test456 -->
